Determining if the pthread_create exist failed with the following output:
Change Dir: /home/jason/Downloads/global_vision_position_ros/positioning/build/CMakeFiles/CMakeTmp

Run Build Command:"/usr/bin/make" "cmTC_b62e5/fast"
/usr/bin/make -f CMakeFiles/cmTC_b62e5.dir/build.make CMakeFiles/cmTC_b62e5.dir/build
make[1]: Entering directory '/home/jason/Downloads/global_vision_position_ros/positioning/build/CMakeFiles/CMakeTmp'
Building C object CMakeFiles/cmTC_b62e5.dir/CheckSymbolExists.c.o
/usr/bin/cc    -o CMakeFiles/cmTC_b62e5.dir/CheckSymbolExists.c.o   -c /home/jason/Downloads/global_vision_position_ros/positioning/build/CMakeFiles/CMakeTmp/CheckSymbolExists.c
Linking C executable cmTC_b62e5
/usr/local/bin/cmake -E cmake_link_script CMakeFiles/cmTC_b62e5.dir/link.txt --verbose=1
/usr/bin/cc      -rdynamic CMakeFiles/cmTC_b62e5.dir/CheckSymbolExists.c.o  -o cmTC_b62e5 
CMakeFiles/cmTC_b62e5.dir/CheckSymbolExists.c.o: In function `main':
CheckSymbolExists.c:(.text+0x16): undefined reference to `pthread_create'
collect2: error: ld returned 1 exit status
CMakeFiles/cmTC_b62e5.dir/build.make:97: recipe for target 'cmTC_b62e5' failed
make[1]: *** [cmTC_b62e5] Error 1
make[1]: Leaving directory '/home/jason/Downloads/global_vision_position_ros/positioning/build/CMakeFiles/CMakeTmp'
Makefile:126: recipe for target 'cmTC_b62e5/fast' failed
make: *** [cmTC_b62e5/fast] Error 2

File /home/jason/Downloads/global_vision_position_ros/positioning/build/CMakeFiles/CMakeTmp/CheckSymbolExists.c:
/* */
#include <pthread.h>

int main(int argc, char** argv)
{
  (void)argv;
#ifndef pthread_create
  return ((int*)(&pthread_create))[argc];
#else
  (void)argc;
  return 0;
#endif
}

Determining if the function pthread_create exists in the pthreads failed with the following output:
Change Dir: /home/jason/Downloads/global_vision_position_ros/positioning/build/CMakeFiles/CMakeTmp

Run Build Command:"/usr/bin/make" "cmTC_1ad9c/fast"
/usr/bin/make -f CMakeFiles/cmTC_1ad9c.dir/build.make CMakeFiles/cmTC_1ad9c.dir/build
make[1]: Entering directory '/home/jason/Downloads/global_vision_position_ros/positioning/build/CMakeFiles/CMakeTmp'
Building C object CMakeFiles/cmTC_1ad9c.dir/CheckFunctionExists.c.o
/usr/bin/cc   -DCHECK_FUNCTION_EXISTS=pthread_create   -o CMakeFiles/cmTC_1ad9c.dir/CheckFunctionExists.c.o   -c /usr/local/share/cmake-3.10/Modules/CheckFunctionExists.c
Linking C executable cmTC_1ad9c
/usr/local/bin/cmake -E cmake_link_script CMakeFiles/cmTC_1ad9c.dir/link.txt --verbose=1
/usr/bin/cc  -DCHECK_FUNCTION_EXISTS=pthread_create    -rdynamic CMakeFiles/cmTC_1ad9c.dir/CheckFunctionExists.c.o  -o cmTC_1ad9c -lpthreads 
/usr/bin/ld: cannot find -lpthreads
collect2: error: ld returned 1 exit status
CMakeFiles/cmTC_1ad9c.dir/build.make:97: recipe for target 'cmTC_1ad9c' failed
make[1]: *** [cmTC_1ad9c] Error 1
make[1]: Leaving directory '/home/jason/Downloads/global_vision_position_ros/positioning/build/CMakeFiles/CMakeTmp'
Makefile:126: recipe for target 'cmTC_1ad9c/fast' failed
make: *** [cmTC_1ad9c/fast] Error 2


