Determining if the pthread_create exist failed with the following output:
Change Dir: /home/jason/catkin_ws/src/waypoint_loader/build/CMakeFiles/CMakeTmp

Run Build Command:"/usr/bin/make" "cmTC_17a46/fast"
/usr/bin/make -f CMakeFiles/cmTC_17a46.dir/build.make CMakeFiles/cmTC_17a46.dir/build
make[1]: Entering directory '/home/jason/catkin_ws/src/waypoint_loader/build/CMakeFiles/CMakeTmp'
Building C object CMakeFiles/cmTC_17a46.dir/CheckSymbolExists.c.o
/usr/bin/cc    -o CMakeFiles/cmTC_17a46.dir/CheckSymbolExists.c.o   -c /home/jason/catkin_ws/src/waypoint_loader/build/CMakeFiles/CMakeTmp/CheckSymbolExists.c
Linking C executable cmTC_17a46
/usr/local/bin/cmake -E cmake_link_script CMakeFiles/cmTC_17a46.dir/link.txt --verbose=1
/usr/bin/cc      -rdynamic CMakeFiles/cmTC_17a46.dir/CheckSymbolExists.c.o  -o cmTC_17a46 
CMakeFiles/cmTC_17a46.dir/CheckSymbolExists.c.o: In function `main':
CheckSymbolExists.c:(.text+0x16): undefined reference to `pthread_create'
collect2: error: ld returned 1 exit status
CMakeFiles/cmTC_17a46.dir/build.make:97: recipe for target 'cmTC_17a46' failed
make[1]: *** [cmTC_17a46] Error 1
make[1]: Leaving directory '/home/jason/catkin_ws/src/waypoint_loader/build/CMakeFiles/CMakeTmp'
Makefile:126: recipe for target 'cmTC_17a46/fast' failed
make: *** [cmTC_17a46/fast] Error 2

File /home/jason/catkin_ws/src/waypoint_loader/build/CMakeFiles/CMakeTmp/CheckSymbolExists.c:
/* */
#include <pthread.h>

int main(int argc, char** argv)
{
  (void)argv;
#ifndef pthread_create
  return ((int*)(&pthread_create))[argc];
#else
  (void)argc;
  return 0;
#endif
}

Determining if the function pthread_create exists in the pthreads failed with the following output:
Change Dir: /home/jason/catkin_ws/src/waypoint_loader/build/CMakeFiles/CMakeTmp

Run Build Command:"/usr/bin/make" "cmTC_6a591/fast"
/usr/bin/make -f CMakeFiles/cmTC_6a591.dir/build.make CMakeFiles/cmTC_6a591.dir/build
make[1]: Entering directory '/home/jason/catkin_ws/src/waypoint_loader/build/CMakeFiles/CMakeTmp'
Building C object CMakeFiles/cmTC_6a591.dir/CheckFunctionExists.c.o
/usr/bin/cc   -DCHECK_FUNCTION_EXISTS=pthread_create   -o CMakeFiles/cmTC_6a591.dir/CheckFunctionExists.c.o   -c /usr/local/share/cmake-3.10/Modules/CheckFunctionExists.c
Linking C executable cmTC_6a591
/usr/local/bin/cmake -E cmake_link_script CMakeFiles/cmTC_6a591.dir/link.txt --verbose=1
/usr/bin/cc  -DCHECK_FUNCTION_EXISTS=pthread_create    -rdynamic CMakeFiles/cmTC_6a591.dir/CheckFunctionExists.c.o  -o cmTC_6a591 -lpthreads 
/usr/bin/ld: cannot find -lpthreads
collect2: error: ld returned 1 exit status
CMakeFiles/cmTC_6a591.dir/build.make:97: recipe for target 'cmTC_6a591' failed
make[1]: *** [cmTC_6a591] Error 1
make[1]: Leaving directory '/home/jason/catkin_ws/src/waypoint_loader/build/CMakeFiles/CMakeTmp'
Makefile:126: recipe for target 'cmTC_6a591/fast' failed
make: *** [cmTC_6a591/fast] Error 2


