Determining if the pthread_create exist failed with the following output:
Change Dir: /home/jason/Downloads/global_vision_position_ros/build/CMakeFiles/CMakeTmp

Run Build Command:"/usr/bin/make" "cmTC_9f1a9/fast"
/usr/bin/make -f CMakeFiles/cmTC_9f1a9.dir/build.make CMakeFiles/cmTC_9f1a9.dir/build
make[1]: Entering directory '/home/jason/Downloads/global_vision_position_ros/build/CMakeFiles/CMakeTmp'
Building C object CMakeFiles/cmTC_9f1a9.dir/CheckSymbolExists.c.o
/usr/bin/cc    -o CMakeFiles/cmTC_9f1a9.dir/CheckSymbolExists.c.o   -c /home/jason/Downloads/global_vision_position_ros/build/CMakeFiles/CMakeTmp/CheckSymbolExists.c
Linking C executable cmTC_9f1a9
/usr/local/bin/cmake -E cmake_link_script CMakeFiles/cmTC_9f1a9.dir/link.txt --verbose=1
/usr/bin/cc      -rdynamic CMakeFiles/cmTC_9f1a9.dir/CheckSymbolExists.c.o  -o cmTC_9f1a9 
CMakeFiles/cmTC_9f1a9.dir/CheckSymbolExists.c.o: In function `main':
CheckSymbolExists.c:(.text+0x16): undefined reference to `pthread_create'
collect2: error: ld returned 1 exit status
CMakeFiles/cmTC_9f1a9.dir/build.make:97: recipe for target 'cmTC_9f1a9' failed
make[1]: *** [cmTC_9f1a9] Error 1
make[1]: Leaving directory '/home/jason/Downloads/global_vision_position_ros/build/CMakeFiles/CMakeTmp'
Makefile:126: recipe for target 'cmTC_9f1a9/fast' failed
make: *** [cmTC_9f1a9/fast] Error 2

File /home/jason/Downloads/global_vision_position_ros/build/CMakeFiles/CMakeTmp/CheckSymbolExists.c:
/* */
#include <pthread.h>

int main(int argc, char** argv)
{
  (void)argv;
#ifndef pthread_create
  return ((int*)(&pthread_create))[argc];
#else
  (void)argc;
  return 0;
#endif
}

Determining if the function pthread_create exists in the pthreads failed with the following output:
Change Dir: /home/jason/Downloads/global_vision_position_ros/build/CMakeFiles/CMakeTmp

Run Build Command:"/usr/bin/make" "cmTC_10fc0/fast"
/usr/bin/make -f CMakeFiles/cmTC_10fc0.dir/build.make CMakeFiles/cmTC_10fc0.dir/build
make[1]: Entering directory '/home/jason/Downloads/global_vision_position_ros/build/CMakeFiles/CMakeTmp'
Building C object CMakeFiles/cmTC_10fc0.dir/CheckFunctionExists.c.o
/usr/bin/cc   -DCHECK_FUNCTION_EXISTS=pthread_create   -o CMakeFiles/cmTC_10fc0.dir/CheckFunctionExists.c.o   -c /usr/local/share/cmake-3.10/Modules/CheckFunctionExists.c
Linking C executable cmTC_10fc0
/usr/local/bin/cmake -E cmake_link_script CMakeFiles/cmTC_10fc0.dir/link.txt --verbose=1
/usr/bin/cc  -DCHECK_FUNCTION_EXISTS=pthread_create    -rdynamic CMakeFiles/cmTC_10fc0.dir/CheckFunctionExists.c.o  -o cmTC_10fc0 -lpthreads 
/usr/bin/ld: cannot find -lpthreads
collect2: error: ld returned 1 exit status
CMakeFiles/cmTC_10fc0.dir/build.make:97: recipe for target 'cmTC_10fc0' failed
make[1]: *** [cmTC_10fc0] Error 1
make[1]: Leaving directory '/home/jason/Downloads/global_vision_position_ros/build/CMakeFiles/CMakeTmp'
Makefile:126: recipe for target 'cmTC_10fc0/fast' failed
make: *** [cmTC_10fc0/fast] Error 2


